********************************************************************************
DUPLICATOR-LITE PACKAGE-LOG: October 12, 2023 4:56 pm
NOTICE: Do NOT post to public sites or forums 
********************************************************************************
VERSION:	1.5.5.1
WORDPRESS:	6.3.1
PHP INFO:	8.2.0 | SAPI: apache2handler
SERVER:		Apache/2.4.54 (Unix) OpenSSL/1.0.2u PHP/8.2.0 mod_wsgi/3.5 Python/2.7.18 mod_fastcgi/mod_fastcgi-SNAP-0910052141 mod_perl/2.0.11 Perl/v5.30.1 
PHP TIME LIMIT: (0) no time limit imposed 
PHP MAX MEMORY: 4294967296 (128M default) 
MEMORY STACK: 75MB

********************************************************************************
DATABASE:
********************************************************************************
BUILD MODE:   PHP(query limit - 100)
MYSQLTIMEOUT: 5000
MYSQLDUMP:    Not Supported
TABLES: total:55 | filtered:0 | create:55
FILTERED: []
SQL CREATED: 20230720_onlineshopproject_7d3aeb4e6f27c5c46274_20231012165610_database.sql
SQL FILE SIZE: 1.51MB (1580999)
SQL FILE TIME: 2023-10-12 16:56:24
SQL RUNTIME: 0.36 sec.

********************************************************************************
ARCHIVE (ZIP):
********************************************************************************
ARCHIVE DIR:  /Users/sophie/Sites/Online-Shop
ARCHIVE FILE: 20230720_onlineshopproject_7d3aeb4e6f27c5c46274_20231012165610_archive.zip
FILTERS: *OFF*
DIRS:
	not set
FILES:
	not set
EXTS:  not set
----------------------------------------
COMPRESSING
SIZE:	190.17MB
STATS:	Dirs 2,173 | Files 13,023
SQL ADDED: 20230720_onlineshopproject_7d3aeb4e6f27c5c46274_20231012165610_database.sql
ZipArchive Object
(
    [lastId] => 15195
    [status] => 0
    [statusSys] => 0
    [numFiles] => 15196
    [filename] => /Users/sophie/Sites/Online-Shop/wp-content/backups-dup-lite/tmp/20230720_onlineshopproject_7d3aeb4e6f27c5c46274_20231012165610_archive.zip
    [comment] => 
)

FILE ADDED TO ZIP: 15195
COMPRESSION RESULT: '1'
COMPRESSED SIZE: 93.27MB
ARCHIVE RUNTIME: 15.17 sec.
MEMORY STACK: 81.08MB
building installer
ARCHIVE CONSISTENCY TEST: PASS

********************************************************************************
INTEGRITY CHECKS:
********************************************************************************
SQL FILE: 1.51MB
INSTALLER FILE: 73.48KB
ARCHIVE FILE: 95.28MB 
EXPECTED FILE/DIRECTORY COUNT: 15,196
ACTUAL FILE/DIRECTORY COUNT: 15,195
ARCHIVE CONSISTENCY TEST: Pass

********************************************************************************
RECORD ID:[5]
TOTAL PROCESS RUNTIME: 25.27 sec.
PEAK PHP MEMORY USED: 83.08MB
DONE PROCESSING => 20230720_onlineshopproject October 12, 2023 4:56 pm

